d:\1.0\parallel-k_means\parallel-k_means\x64\debug\vc140.pdb
d:\1.0\parallel-k_means\parallel-k_means\x64\debug\vc140.idb
d:\1.0\parallel-k_means\parallel-k_means\x64\debug\main.obj
d:\1.0\parallel-k_means\parallel-k_means\x64\debug\methods.obj
d:\1.0\parallel-k_means\parallel-k_means\x64\debug\openmp.obj
d:\1.0\parallel-k_means\x64\debug\parallel-k_means.ilk
d:\1.0\parallel-k_means\x64\debug\parallel-k_means.exe
d:\1.0\parallel-k_means\x64\debug\parallel-k_means.pdb
d:\final_k_means_noamtayri\parallel-k_means\parallel-k_means\x64\debug\organizepointscuda.cu.cache
d:\final_k_means_noamtayri\parallel-k_means\parallel-k_means\x64\debug\refreshkernel.cu.cache
d:\final_k_means_noamtayri\parallel-k_means\parallel-k_means\x64\debug\main.obj
d:\final_k_means_noamtayri\parallel-k_means\parallel-k_means\x64\debug\methods.obj
d:\final_k_means_noamtayri\parallel-k_means\parallel-k_means\x64\debug\openmp.obj
d:\final_k_means_noamtayri\parallel-k_means\parallel-k_means\x64\debug\organizepointscuda.cu.obj
d:\final_k_means_noamtayri\parallel-k_means\parallel-k_means\x64\debug\refreshkernel.cu.obj
d:\final_k_means_noamtayri\parallel-k_means\parallel-k_means\x64\debug\vc140.idb
d:\final_k_means_noamtayri\parallel-k_means\parallel-k_means\x64\debug\vc140.pdb
d:\final_k_means_noamtayri\parallel-k_means\x64\debug\parallel-k_means.pdb
d:\final_k_means_noamtayri\parallel-k_means\x64\debug\parallel-k_means.exe
d:\final_k_means_noamtayri\parallel-k_means\x64\debug\parallel-k_means.ilk
d:\final_k_means_noamtayri\parallel-k_means\parallel-k_means\x64\debug\parallel-k_means.tlog\cl.command.1.tlog
d:\final_k_means_noamtayri\parallel-k_means\parallel-k_means\x64\debug\parallel-k_means.tlog\cl.read.1.tlog
d:\final_k_means_noamtayri\parallel-k_means\parallel-k_means\x64\debug\parallel-k_means.tlog\cl.write.1.tlog
d:\final_k_means_noamtayri\parallel-k_means\parallel-k_means\x64\debug\parallel-k_means.tlog\link.command.1.tlog
d:\final_k_means_noamtayri\parallel-k_means\parallel-k_means\x64\debug\parallel-k_means.tlog\link.read.1.tlog
d:\final_k_means_noamtayri\parallel-k_means\parallel-k_means\x64\debug\parallel-k_means.tlog\link.write.1.tlog
